2023-12-21 09:46:52,556 - INFO - Job started at local time: 2023-12-21 09:46:52.556518
2023-12-21 09:46:54,333 - INFO - Adding trading pair: BTCUSDT - Rows added: 0
2023-12-21 09:46:54,824 - INFO - Adding trading pair: ETHUSDT - Rows added: 0
2023-12-21 09:46:55,325 - INFO - Adding trading pair: BNBUSDT - Rows added: 0
2023-12-21 09:46:55,823 - INFO - Adding trading pair: NEOUSDT - Rows added: 0
2023-12-21 09:46:56,320 - INFO - Adding trading pair: LTCUSDT - Rows added: 0
2023-12-21 09:46:56,814 - INFO - Adding trading pair: QTUMUSDT - Rows added: 0
2023-12-21 09:47:53,131 - INFO - Job started at local time: 2023-12-21 09:47:53.131302
2023-12-21 09:47:54,573 - INFO - Adding trading pair: BTCUSDT - Rows added: 0
2023-12-21 09:47:55,472 - INFO - Adding trading pair: ETHUSDT - Rows added: 0
2023-12-21 09:47:56,773 - INFO - Adding trading pair: BNBUSDT - Rows added: 0
2023-12-21 09:47:58,104 - INFO - Adding trading pair: NEOUSDT - Rows added: 0
2023-12-21 09:47:58,597 - INFO - Adding trading pair: LTCUSDT - Rows added: 0
2023-12-21 09:47:59,491 - INFO - Adding trading pair: QTUMUSDT - Rows added: 0
2023-12-21 09:48:00,418 - INFO - Adding trading pair: ADAUSDT - Rows added: 0
2023-12-21 09:48:00,911 - INFO - Adding trading pair: XRPUSDT - Rows added: 0
2023-12-21 09:48:01,414 - INFO - Adding trading pair: EOSUSDT - Rows added: 0
2023-12-21 09:48:01,903 - INFO - Adding trading pair: TUSDUSDT - Rows added: 0
2023-12-21 09:48:02,395 - INFO - Adding trading pair: IOTAUSDT - Rows added: 0
2023-12-21 09:48:02,882 - INFO - Adding trading pair: XLMUSDT - Rows added: 0
2023-12-21 09:48:03,372 - INFO - Adding trading pair: ONTUSDT - Rows added: 0
2023-12-21 09:48:03,857 - INFO - Adding trading pair: TRXUSDT - Rows added: 0
2023-12-21 09:48:04,372 - INFO - Adding trading pair: ETCUSDT - Rows added: 0
2023-12-21 09:48:05,269 - INFO - Adding trading pair: ICXUSDT - Rows added: 0
2023-12-21 09:48:05,760 - INFO - Adding trading pair: NULSUSDT - Rows added: 0
2023-12-21 09:48:06,254 - INFO - Adding trading pair: VETUSDT - Rows added: 0
2023-12-21 09:48:06,742 - INFO - Adding trading pair: USDCUSDT - Rows added: 0
2023-12-21 09:48:07,260 - INFO - Adding trading pair: LINKUSDT - Rows added: 0
2023-12-21 09:48:07,752 - INFO - Adding trading pair: WAVESUSDT - Rows added: 0
2023-12-21 09:48:08,239 - INFO - Adding trading pair: ONGUSDT - Rows added: 0
2023-12-21 09:48:08,740 - INFO - Adding trading pair: HOTUSDT - Rows added: 0
2023-12-21 09:48:09,237 - INFO - Adding trading pair: ZILUSDT - Rows added: 0
2023-12-21 09:48:09,727 - INFO - Adding trading pair: ZRXUSDT - Rows added: 0
2023-12-21 09:48:10,221 - INFO - Adding trading pair: FETUSDT - Rows added: 0
2023-12-21 09:48:10,711 - INFO - Adding trading pair: BATUSDT - Rows added: 0
2023-12-21 09:48:11,198 - INFO - Adding trading pair: XMRUSDT - Rows added: 0
2023-12-21 09:48:11,685 - INFO - Adding trading pair: ZECUSDT - Rows added: 0
2023-12-21 09:48:12,175 - INFO - Adding trading pair: IOSTUSDT - Rows added: 0
2023-12-21 09:48:12,673 - INFO - Adding trading pair: CELRUSDT - Rows added: 0
2023-12-21 09:48:13,190 - INFO - Adding trading pair: DASHUSDT - Rows added: 0
2023-12-21 09:48:13,695 - INFO - Adding trading pair: OMGUSDT - Rows added: 0
2023-12-21 09:48:14,204 - INFO - Adding trading pair: THETAUSDT - Rows added: 0
2023-12-21 09:48:14,692 - INFO - Adding trading pair: ENJUSDT - Rows added: 0
2023-12-21 09:48:15,185 - INFO - Adding trading pair: MATICUSDT - Rows added: 0
2023-12-21 09:48:15,674 - INFO - Adding trading pair: ATOMUSDT - Rows added: 0
2023-12-21 09:48:16,165 - INFO - Adding trading pair: TFUELUSDT - Rows added: 0
2023-12-21 09:48:16,660 - INFO - Adding trading pair: ONEUSDT - Rows added: 0
2023-12-21 09:48:17,152 - INFO - Adding trading pair: FTMUSDT - Rows added: 0
2023-12-21 09:48:17,649 - INFO - Adding trading pair: ALGOUSDT - Rows added: 0
2023-12-21 09:48:18,141 - INFO - Adding trading pair: DOGEUSDT - Rows added: 0
2023-12-21 09:48:18,652 - INFO - Adding trading pair: DUSKUSDT - Rows added: 0
2023-12-21 09:48:19,142 - INFO - Adding trading pair: ANKRUSDT - Rows added: 0
2023-12-21 09:48:19,633 - INFO - Adding trading pair: WINUSDT - Rows added: 0
2023-12-21 09:48:20,125 - INFO - Adding trading pair: COSUSDT - Rows added: 0
2023-12-21 09:48:20,613 - INFO - Adding trading pair: MTLUSDT - Rows added: 0
2023-12-21 09:48:21,100 - INFO - Adding trading pair: DENTUSDT - Rows added: 0
2023-12-21 09:48:21,596 - INFO - Adding trading pair: KEYUSDT - Rows added: 0
2023-12-21 09:48:22,081 - INFO - Adding trading pair: DOCKUSDT - Rows added: 0
2023-12-21 09:48:22,569 - INFO - Adding trading pair: WANUSDT - Rows added: 0
2023-12-21 09:48:23,055 - INFO - Adding trading pair: FUNUSDT - Rows added: 0
2023-12-21 09:48:23,545 - INFO - Adding trading pair: CVCUSDT - Rows added: 0
2023-12-21 09:48:24,035 - INFO - Adding trading pair: CHZUSDT - Rows added: 0
2023-12-21 09:48:24,528 - INFO - Adding trading pair: BANDUSDT - Rows added: 0
2023-12-21 09:48:25,021 - INFO - Adding trading pair: XTZUSDT - Rows added: 0
2023-12-21 09:48:25,513 - INFO - Adding trading pair: RENUSDT - Rows added: 0
2023-12-21 09:48:26,007 - INFO - Adding trading pair: RVNUSDT - Rows added: 0
2023-12-21 09:48:26,504 - INFO - Adding trading pair: HBARUSDT - Rows added: 0
2023-12-21 09:48:26,996 - INFO - Adding trading pair: NKNUSDT - Rows added: 0
2023-12-21 09:48:27,896 - INFO - Adding trading pair: STXUSDT - Rows added: 0
2023-12-21 09:48:28,389 - INFO - Adding trading pair: KAVAUSDT - Rows added: 0
2023-12-21 09:48:28,888 - INFO - Adding trading pair: ARPAUSDT - Rows added: 0
2023-12-21 09:48:29,381 - INFO - Adding trading pair: IOTXUSDT - Rows added: 0
2023-12-21 09:48:29,898 - INFO - Adding trading pair: RLCUSDT - Rows added: 0
2023-12-21 09:48:30,394 - INFO - Adding trading pair: CTXCUSDT - Rows added: 0
2023-12-21 09:48:30,886 - INFO - Adding trading pair: BCHUSDT - Rows added: 0
2023-12-21 09:48:31,383 - INFO - Adding trading pair: TROYUSDT - Rows added: 0
2023-12-21 09:48:31,874 - INFO - Adding trading pair: VITEUSDT - Rows added: 0
2023-12-21 09:48:32,368 - INFO - Adding trading pair: FTTUSDT - Rows added: 0
2023-12-21 09:48:32,860 - INFO - Adding trading pair: USDTTRY - Rows added: 0
2023-12-21 09:48:33,352 - INFO - Adding trading pair: USDTRUB - Rows added: 0
2023-12-21 09:48:33,847 - INFO - Adding trading pair: EURUSDT - Rows added: 0
2023-12-21 09:48:34,346 - INFO - Adding trading pair: OGNUSDT - Rows added: 0
2023-12-21 09:48:34,839 - INFO - Adding trading pair: DREPUSDT - Rows added: 0
2023-12-21 09:48:35,330 - INFO - Adding trading pair: WRXUSDT - Rows added: 0
2023-12-21 09:48:35,819 - INFO - Adding trading pair: LSKUSDT - Rows added: 0
2023-12-21 09:48:36,310 - INFO - Adding trading pair: BNTUSDT - Rows added: 0
2023-12-21 09:48:36,813 - INFO - Adding trading pair: LTOUSDT - Rows added: 0
2023-12-21 09:48:37,310 - INFO - Adding trading pair: MBLUSDT - Rows added: 0
2023-12-21 09:48:37,800 - INFO - Adding trading pair: COTIUSDT - Rows added: 0
2023-12-21 09:48:38,297 - INFO - Adding trading pair: STPTUSDT - Rows added: 0
2023-12-21 09:48:39,597 - INFO - Adding trading pair: USDTZAR - Rows added: 0
2023-12-21 09:48:40,096 - INFO - Adding trading pair: DATAUSDT - Rows added: 0
2023-12-21 09:48:40,997 - INFO - Adding trading pair: SOLUSDT - Rows added: 0
2023-12-21 09:48:41,895 - INFO - Adding trading pair: USDTIDRT - Rows added: 0
2023-12-21 09:48:42,788 - INFO - Adding trading pair: CTSIUSDT - Rows added: 0
2023-12-21 09:48:43,298 - INFO - Adding trading pair: HIVEUSDT - Rows added: 0
2023-12-21 09:48:44,190 - INFO - Adding trading pair: CHRUSDT - Rows added: 0
2023-12-21 09:48:44,684 - INFO - Adding trading pair: ARDRUSDT - Rows added: 0
2023-12-21 09:48:45,200 - INFO - Adding trading pair: MDTUSDT - Rows added: 0
2023-12-21 09:48:45,696 - INFO - Adding trading pair: STMXUSDT - Rows added: 0
2023-12-21 09:48:46,191 - INFO - Adding trading pair: KNCUSDT - Rows added: 0
2023-12-21 09:48:46,686 - INFO - Adding trading pair: LRCUSDT - Rows added: 0
2023-12-21 09:48:47,176 - INFO - Adding trading pair: PNTUSDT - Rows added: 0
2023-12-21 09:48:47,672 - INFO - Adding trading pair: USDTUAH - Rows added: 0
2023-12-21 09:48:48,162 - INFO - Adding trading pair: COMPUSDT - Rows added: 0
2023-12-21 09:48:48,657 - INFO - Adding trading pair: USDTBIDR - Rows added: 0
2023-12-21 09:48:49,151 - INFO - Adding trading pair: SCUSDT - Rows added: 0
2023-12-21 09:48:49,641 - INFO - Adding trading pair: ZENUSDT - Rows added: 0
2023-12-21 09:48:50,131 - INFO - Adding trading pair: SNXUSDT - Rows added: 0
2023-12-21 09:48:50,628 - INFO - Adding trading pair: VTHOUSDT - Rows added: 0
2023-12-21 09:48:51,117 - INFO - Adding trading pair: DGBUSDT - Rows added: 0
2023-12-21 09:48:51,607 - INFO - Adding trading pair: GBPUSDT - Rows added: 0
2023-12-21 09:48:52,102 - INFO - Adding trading pair: SXPUSDT - Rows added: 0
2023-12-21 09:48:52,591 - INFO - Adding trading pair: MKRUSDT - Rows added: 0
2023-12-21 09:48:53,101 - INFO - Adding trading pair: DCRUSDT - Rows added: 0
2023-12-21 09:48:53,590 - INFO - Adding trading pair: STORJUSDT - Rows added: 0
2023-12-21 09:48:54,111 - INFO - Adding trading pair: MANAUSDT - Rows added: 0
2023-12-21 09:48:54,600 - INFO - Adding trading pair: YFIUSDT - Rows added: 0
2023-12-21 09:48:55,094 - INFO - Adding trading pair: BALUSDT - Rows added: 0
2023-12-21 09:48:55,582 - INFO - Adding trading pair: BLZUSDT - Rows added: 0
2023-12-21 09:48:56,069 - INFO - Adding trading pair: IRISUSDT - Rows added: 0
2023-12-21 09:48:56,563 - INFO - Adding trading pair: KMDUSDT - Rows added: 0
2023-12-21 09:48:57,052 - INFO - Adding trading pair: USDTDAI - Rows added: 0
2023-12-21 09:48:57,541 - INFO - Adding trading pair: JSTUSDT - Rows added: 0
2023-12-21 09:48:58,434 - INFO - Adding trading pair: ANTUSDT - Rows added: 0
2023-12-21 09:48:58,927 - INFO - Adding trading pair: CRVUSDT - Rows added: 0
2023-12-21 09:48:59,417 - INFO - Adding trading pair: SANDUSDT - Rows added: 0
2023-12-21 09:48:59,917 - INFO - Adding trading pair: OCEANUSDT - Rows added: 0
2023-12-21 09:49:00,417 - INFO - Adding trading pair: NMRUSDT - Rows added: 0
2023-12-21 09:49:00,908 - INFO - Adding trading pair: DOTUSDT - Rows added: 0
2023-12-21 09:49:01,403 - INFO - Adding trading pair: LUNAUSDT - Rows added: 0
2023-12-21 09:49:01,902 - INFO - Adding trading pair: RSRUSDT - Rows added: 0
2023-12-21 09:49:02,397 - INFO - Adding trading pair: PAXGUSDT - Rows added: 0
2023-12-21 09:49:02,887 - INFO - Adding trading pair: WNXMUSDT - Rows added: 0
2023-12-21 09:49:03,391 - INFO - Adding trading pair: TRBUSDT - Rows added: 0
2023-12-21 09:49:03,881 - INFO - Adding trading pair: SUSHIUSDT - Rows added: 0
2023-12-21 09:49:04,495 - INFO - Adding trading pair: KSMUSDT - Rows added: 0
2023-12-21 09:49:04,982 - INFO - Adding trading pair: EGLDUSDT - Rows added: 0
2023-12-21 09:49:05,474 - INFO - Adding trading pair: DIAUSDT - Rows added: 0
2023-12-21 09:49:05,966 - INFO - Adding trading pair: RUNEUSDT - Rows added: 0
2023-12-21 09:49:06,454 - INFO - Adding trading pair: FIOUSDT - Rows added: 0
2023-12-21 09:49:06,945 - INFO - Adding trading pair: UMAUSDT - Rows added: 0
2023-12-21 09:49:07,436 - INFO - Adding trading pair: USDTNGN - Rows added: 0
2023-12-21 09:49:07,951 - INFO - Adding trading pair: BELUSDT - Rows added: 0
2023-12-21 09:49:08,446 - INFO - Adding trading pair: WINGUSDT - Rows added: 0
2023-12-21 09:49:08,949 - INFO - Adding trading pair: UNIUSDT - Rows added: 0
2023-12-21 09:49:09,437 - INFO - Adding trading pair: OXTUSDT - Rows added: 0
2023-12-21 09:49:09,923 - INFO - Adding trading pair: SUNUSDT - Rows added: 0
2023-12-21 09:49:10,410 - INFO - Adding trading pair: AVAXUSDT - Rows added: 0
2023-12-21 09:49:10,903 - INFO - Adding trading pair: FLMUSDT - Rows added: 0
2023-12-21 09:49:11,400 - INFO - Adding trading pair: ORNUSDT - Rows added: 0
2023-12-21 09:49:11,894 - INFO - Adding trading pair: UTKUSDT - Rows added: 0
2023-12-21 09:49:12,387 - INFO - Adding trading pair: XVSUSDT - Rows added: 0
2023-12-21 09:49:12,875 - INFO - Adding trading pair: ALPHAUSDT - Rows added: 0
2023-12-21 09:49:13,366 - INFO - Adding trading pair: USDTBRL - Rows added: 0
2023-12-21 09:49:13,869 - INFO - Adding trading pair: AAVEUSDT - Rows added: 0
2023-12-21 09:49:14,361 - INFO - Adding trading pair: NEARUSDT - Rows added: 0
2023-12-21 09:49:14,870 - INFO - Adding trading pair: FILUSDT - Rows added: 0
2023-12-21 09:49:15,361 - INFO - Adding trading pair: INJUSDT - Rows added: 0
2023-12-21 09:49:15,853 - INFO - Adding trading pair: AUDIOUSDT - Rows added: 0
2023-12-21 09:49:16,339 - INFO - Adding trading pair: CTKUSDT - Rows added: 0
2023-12-21 09:49:16,828 - INFO - Adding trading pair: AKROUSDT - Rows added: 0
2023-12-21 09:49:17,318 - INFO - Adding trading pair: AXSUSDT - Rows added: 0
2023-12-21 09:49:17,832 - INFO - Adding trading pair: HARDUSDT - Rows added: 0
2023-12-21 09:49:18,328 - INFO - Adding trading pair: STRAXUSDT - Rows added: 0
2023-12-21 09:49:19,229 - INFO - Adding trading pair: UNFIUSDT - Rows added: 0
2023-12-21 09:49:19,720 - INFO - Adding trading pair: ROSEUSDT - Rows added: 0
2023-12-21 09:49:20,207 - INFO - Adding trading pair: AVAUSDT - Rows added: 0
2023-12-21 09:49:20,702 - INFO - Adding trading pair: XEMUSDT - Rows added: 0
2023-12-21 09:49:21,189 - INFO - Adding trading pair: SKLUSDT - Rows added: 0
2023-12-21 09:49:21,673 - INFO - Adding trading pair: GRTUSDT - Rows added: 0
2023-12-21 09:49:22,166 - INFO - Adding trading pair: JUVUSDT - Rows added: 0
2023-12-21 09:49:22,666 - INFO - Adding trading pair: PSGUSDT - Rows added: 0
2023-12-21 09:49:23,153 - INFO - Adding trading pair: 1INCHUSDT - Rows added: 0
2023-12-21 09:49:23,671 - INFO - Adding trading pair: REEFUSDT - Rows added: 0
2023-12-21 09:49:24,161 - INFO - Adding trading pair: OGUSDT - Rows added: 0
2023-12-21 09:49:24,672 - INFO - Adding trading pair: ATMUSDT - Rows added: 0
2023-12-21 09:49:25,171 - INFO - Adding trading pair: ASRUSDT - Rows added: 0
2023-12-21 09:49:25,675 - INFO - Adding trading pair: CELOUSDT - Rows added: 0
2023-12-21 09:49:26,165 - INFO - Adding trading pair: RIFUSDT - Rows added: 0
2023-12-21 09:49:26,669 - INFO - Adding trading pair: TRUUSDT - Rows added: 0
2023-12-21 09:49:27,174 - INFO - Adding trading pair: CKBUSDT - Rows added: 0
2023-12-21 09:49:27,661 - INFO - Adding trading pair: TWTUSDT - Rows added: 0
2023-12-21 09:49:28,149 - INFO - Adding trading pair: FIROUSDT - Rows added: 0
2023-12-21 09:49:28,640 - INFO - Adding trading pair: LITUSDT - Rows added: 0
2023-12-21 09:49:29,152 - INFO - Adding trading pair: SFPUSDT - Rows added: 0
2023-12-21 09:49:29,642 - INFO - Adding trading pair: DODOUSDT - Rows added: 0
2023-12-21 09:49:30,168 - INFO - Adding trading pair: CAKEUSDT - Rows added: 0
2023-12-21 09:49:30,662 - INFO - Adding trading pair: ACMUSDT - Rows added: 0
2023-12-21 09:49:31,152 - INFO - Adding trading pair: BADGERUSDT - Rows added: 0
2023-12-21 09:49:31,644 - INFO - Adding trading pair: FISUSDT - Rows added: 0
2023-12-21 09:49:32,141 - INFO - Adding trading pair: OMUSDT - Rows added: 0
2023-12-21 09:49:32,637 - INFO - Adding trading pair: PONDUSDT - Rows added: 0
2023-12-21 09:49:33,124 - INFO - Adding trading pair: DEGOUSDT - Rows added: 0
2023-12-21 09:49:33,620 - INFO - Adding trading pair: ALICEUSDT - Rows added: 0
2023-12-21 09:49:34,116 - INFO - Adding trading pair: LINAUSDT - Rows added: 0
2023-12-21 09:49:34,615 - INFO - Adding trading pair: PERPUSDT - Rows added: 0
2023-12-21 09:49:35,103 - INFO - Adding trading pair: SUPERUSDT - Rows added: 0
2023-12-21 09:49:35,625 - INFO - Adding trading pair: CFXUSDT - Rows added: 0
2023-12-21 09:49:36,117 - INFO - Adding trading pair: TKOUSDT - Rows added: 0
2023-12-21 09:49:36,602 - INFO - Adding trading pair: PUNDIXUSDT - Rows added: 0
2023-12-21 09:49:37,095 - INFO - Adding trading pair: TLMUSDT - Rows added: 0
2023-12-21 09:49:37,988 - INFO - Adding trading pair: BARUSDT - Rows added: 0
2023-12-21 09:49:38,499 - INFO - Adding trading pair: FORTHUSDT - Rows added: 0
2023-12-21 09:49:38,993 - INFO - Adding trading pair: BAKEUSDT - Rows added: 0
2023-12-21 09:49:39,887 - INFO - Adding trading pair: BURGERUSDT - Rows added: 0
2023-12-21 09:49:40,379 - INFO - Adding trading pair: SLPUSDT - Rows added: 0
2023-12-21 09:49:40,868 - INFO - Adding trading pair: SHIBUSDT - Rows added: 0
2023-12-21 09:49:41,361 - INFO - Adding trading pair: ICPUSDT - Rows added: 0
2023-12-21 09:49:42,255 - INFO - Adding trading pair: ARUSDT - Rows added: 0
2023-12-21 09:49:42,748 - INFO - Adding trading pair: POLSUSDT - Rows added: 0
2023-12-21 09:49:43,234 - INFO - Adding trading pair: MDXUSDT - Rows added: 0
2023-12-21 09:49:44,157 - INFO - Adding trading pair: MASKUSDT - Rows added: 0
2023-12-21 09:49:44,648 - INFO - Adding trading pair: LPTUSDT - Rows added: 0
2023-12-21 09:49:45,137 - INFO - Adding trading pair: XVGUSDT - Rows added: 0
2023-12-21 09:49:45,628 - INFO - Adding trading pair: ATAUSDT - Rows added: 0
2023-12-21 09:49:46,117 - INFO - Adding trading pair: GTCUSDT - Rows added: 0
2023-12-21 09:49:46,608 - INFO - Adding trading pair: ERNUSDT - Rows added: 0
2023-12-21 09:49:47,097 - INFO - Adding trading pair: KLAYUSDT - Rows added: 0
2023-12-21 09:49:47,590 - INFO - Adding trading pair: PHAUSDT - Rows added: 0
2023-12-21 09:49:48,108 - INFO - Adding trading pair: BONDUSDT - Rows added: 0
2023-12-21 09:49:48,598 - INFO - Adding trading pair: MLNUSDT - Rows added: 0
2023-12-21 09:49:49,086 - INFO - Adding trading pair: DEXEUSDT - Rows added: 0
2023-12-21 09:49:49,583 - INFO - Adding trading pair: C98USDT - Rows added: 0
2023-12-21 09:49:50,077 - INFO - Adding trading pair: CLVUSDT - Rows added: 0
2023-12-21 09:49:50,572 - INFO - Adding trading pair: QNTUSDT - Rows added: 0
2023-12-21 09:49:51,059 - INFO - Adding trading pair: FLOWUSDT - Rows added: 0
2023-12-21 09:49:51,547 - INFO - Adding trading pair: MINAUSDT - Rows added: 0
2023-12-21 09:49:52,037 - INFO - Adding trading pair: RAYUSDT - Rows added: 0
2023-12-21 09:49:52,526 - INFO - Adding trading pair: FARMUSDT - Rows added: 0
2023-12-21 09:49:53,018 - INFO - Adding trading pair: ALPACAUSDT - Rows added: 0
2023-12-21 09:49:53,533 - INFO - Adding trading pair: QUICKUSDT - Rows added: 0
2023-12-21 09:49:54,046 - INFO - Adding trading pair: MBOXUSDT - Rows added: 0
2023-12-21 09:49:54,569 - INFO - Adding trading pair: FORUSDT - Rows added: 0
2023-12-21 09:49:55,471 - INFO - Adding trading pair: REQUSDT - Rows added: 0
2023-12-21 09:49:55,964 - INFO - Adding trading pair: GHSTUSDT - Rows added: 0
2023-12-21 09:49:56,457 - INFO - Adding trading pair: WAXPUSDT - Rows added: 0
2023-12-21 09:49:56,951 - INFO - Adding trading pair: GNOUSDT - Rows added: 0
2023-12-21 09:49:57,442 - INFO - Adding trading pair: XECUSDT - Rows added: 0
2023-12-21 09:49:57,939 - INFO - Adding trading pair: ELFUSDT - Rows added: 0
2023-12-21 09:49:58,430 - INFO - Adding trading pair: DYDXUSDT - Rows added: 0
2023-12-21 09:49:58,922 - INFO - Adding trading pair: IDEXUSDT - Rows added: 0
2023-12-21 09:49:59,417 - INFO - Adding trading pair: VIDTUSDT - Rows added: 0
2023-12-21 09:50:00,306 - INFO - Adding trading pair: USDPUSDT - Rows added: 0
2023-12-21 09:50:00,793 - INFO - Adding trading pair: GALAUSDT - Rows added: 0
2023-12-21 09:50:01,338 - INFO - Adding trading pair: ILVUSDT - Rows added: 0
2023-12-21 09:50:01,902 - INFO - Adding trading pair: YGGUSDT - Rows added: 0
2023-12-21 09:50:02,500 - INFO - Adding trading pair: SYSUSDT - Rows added: 0
2023-12-21 09:50:02,996 - INFO - Adding trading pair: DFUSDT - Rows added: 0
2023-12-21 09:50:03,484 - INFO - Adding trading pair: FIDAUSDT - Rows added: 0
2023-12-21 09:50:03,977 - INFO - Adding trading pair: FRONTUSDT - Rows added: 0
2023-12-21 09:50:04,464 - INFO - Adding trading pair: CVPUSDT - Rows added: 0
2023-12-21 09:50:04,958 - INFO - Adding trading pair: AGLDUSDT - Rows added: 0
2023-12-21 09:50:05,451 - INFO - Adding trading pair: RADUSDT - Rows added: 0
2023-12-21 09:50:05,943 - INFO - Adding trading pair: BETAUSDT - Rows added: 0
2023-12-21 09:50:06,433 - INFO - Adding trading pair: RAREUSDT - Rows added: 0
2023-12-21 09:50:06,924 - INFO - Adding trading pair: LAZIOUSDT - Rows added: 0
2023-12-21 09:50:07,413 - INFO - Adding trading pair: CHESSUSDT - Rows added: 0
2023-12-21 09:50:07,906 - INFO - Adding trading pair: ADXUSDT - Rows added: 0
2023-12-21 09:50:08,427 - INFO - Adding trading pair: AUCTIONUSDT - Rows added: 0
2023-12-21 09:50:08,921 - INFO - Adding trading pair: DARUSDT - Rows added: 0
2023-12-21 09:50:09,415 - INFO - Adding trading pair: BNXUSDT - Rows added: 0
2023-12-21 09:50:09,906 - INFO - Adding trading pair: MOVRUSDT - Rows added: 0
2023-12-21 09:50:10,404 - INFO - Adding trading pair: CITYUSDT - Rows added: 0
2023-12-21 09:50:10,899 - INFO - Adding trading pair: ENSUSDT - Rows added: 0
2023-12-21 09:50:11,406 - INFO - Adding trading pair: KP3RUSDT - Rows added: 0
2023-12-21 09:50:11,901 - INFO - Adding trading pair: QIUSDT - Rows added: 0
2023-12-21 09:50:12,405 - INFO - Adding trading pair: PORTOUSDT - Rows added: 0
2023-12-21 09:50:12,898 - INFO - Adding trading pair: POWRUSDT - Rows added: 0
2023-12-21 09:50:13,421 - INFO - Adding trading pair: VGXUSDT - Rows added: 0
2023-12-21 09:50:13,911 - INFO - Adding trading pair: JASMYUSDT - Rows added: 0
2023-12-21 09:50:14,428 - INFO - Adding trading pair: AMPUSDT - Rows added: 0
2023-12-21 09:50:14,917 - INFO - Adding trading pair: PLAUSDT - Rows added: 0
2023-12-21 09:50:15,412 - INFO - Adding trading pair: PYRUSDT - Rows added: 0
2023-12-21 09:50:15,904 - INFO - Adding trading pair: RNDRUSDT - Rows added: 0
2023-12-21 09:50:16,398 - INFO - Adding trading pair: ALCXUSDT - Rows added: 0
2023-12-21 09:50:16,898 - INFO - Adding trading pair: SANTOSUSDT - Rows added: 0
2023-12-21 09:50:17,395 - INFO - Adding trading pair: BICOUSDT - Rows added: 0
2023-12-21 09:50:17,895 - INFO - Adding trading pair: FLUXUSDT - Rows added: 0
2023-12-21 09:50:18,384 - INFO - Adding trading pair: FXSUSDT - Rows added: 0
2023-12-21 09:50:18,897 - INFO - Adding trading pair: VOXELUSDT - Rows added: 0
2023-12-21 09:50:19,392 - INFO - Adding trading pair: HIGHUSDT - Rows added: 0
2023-12-21 09:50:19,905 - INFO - Adding trading pair: CVXUSDT - Rows added: 0
2023-12-21 09:50:20,403 - INFO - Adding trading pair: PEOPLEUSDT - Rows added: 0
2023-12-21 09:50:20,898 - INFO - Adding trading pair: OOKIUSDT - Rows added: 0
2023-12-21 09:50:21,393 - INFO - Adding trading pair: SPELLUSDT - Rows added: 0
2023-12-21 09:50:21,884 - INFO - Adding trading pair: JOEUSDT - Rows added: 0
2023-12-21 09:50:22,373 - INFO - Adding trading pair: ACHUSDT - Rows added: 0
2023-12-21 09:50:22,861 - INFO - Adding trading pair: IMXUSDT - Rows added: 0
2023-12-21 09:50:23,351 - INFO - Adding trading pair: GLMRUSDT - Rows added: 0
2023-12-21 09:50:23,866 - INFO - Adding trading pair: LOKAUSDT - Rows added: 0
2023-12-21 09:50:24,370 - INFO - Adding trading pair: SCRTUSDT - Rows added: 0
2023-12-21 09:50:24,860 - INFO - Adding trading pair: API3USDT - Rows added: 0
2023-12-21 09:50:25,375 - INFO - Adding trading pair: BTTCUSDT - Rows added: 0
2023-12-21 09:50:25,871 - INFO - Adding trading pair: ACAUSDT - Rows added: 0
2023-12-21 09:50:26,360 - INFO - Adding trading pair: XNOUSDT - Rows added: 0
2023-12-21 09:50:26,848 - INFO - Adding trading pair: WOOUSDT - Rows added: 0
2023-12-21 09:50:27,337 - INFO - Adding trading pair: ALPINEUSDT - Rows added: 0
2023-12-21 09:50:27,823 - INFO - Adding trading pair: TUSDT - Rows added: 0
2023-12-21 09:50:28,312 - INFO - Adding trading pair: ASTRUSDT - Rows added: 0
2023-12-21 09:50:28,799 - INFO - Adding trading pair: GMTUSDT - Rows added: 0
2023-12-21 09:50:29,291 - INFO - Adding trading pair: KDAUSDT - Rows added: 0
2023-12-21 09:50:29,775 - INFO - Adding trading pair: APEUSDT - Rows added: 0
2023-12-21 09:50:30,271 - INFO - Adding trading pair: BSWUSDT - Rows added: 0
2023-12-21 09:50:30,761 - INFO - Adding trading pair: BIFIUSDT - Rows added: 0
2023-12-21 09:50:31,256 - INFO - Adding trading pair: MULTIUSDT - Rows added: 0
2023-12-21 09:50:31,748 - INFO - Adding trading pair: STEEMUSDT - Rows added: 0
2023-12-21 09:50:32,238 - INFO - Adding trading pair: MOBUSDT - Rows added: 0
2023-12-21 09:50:32,728 - INFO - Adding trading pair: NEXOUSDT - Rows added: 0
2023-12-21 09:50:33,220 - INFO - Adding trading pair: REIUSDT - Rows added: 0
2023-12-21 09:50:33,725 - INFO - Adding trading pair: GALUSDT - Rows added: 0
2023-12-21 09:50:34,215 - INFO - Adding trading pair: LDOUSDT - Rows added: 0
2023-12-21 09:50:34,727 - INFO - Adding trading pair: EPXUSDT - Rows added: 0
2023-12-21 09:50:35,216 - INFO - Adding trading pair: OPUSDT - Rows added: 0
2023-12-21 09:50:36,108 - INFO - Adding trading pair: LEVERUSDT - Rows added: 0
2023-12-21 09:50:37,007 - INFO - Adding trading pair: STGUSDT - Rows added: 0
2023-12-21 09:50:37,495 - INFO - Adding trading pair: LUNCUSDT - Rows added: 0
2023-12-21 09:50:38,392 - INFO - Adding trading pair: GMXUSDT - Rows added: 0
2023-12-21 09:50:38,885 - INFO - Adding trading pair: POLYXUSDT - Rows added: 0
2023-12-21 09:50:39,784 - INFO - Adding trading pair: APTUSDT - Rows added: 0
2023-12-21 09:50:40,287 - INFO - Adding trading pair: OSMOUSDT - Rows added: 0
2023-12-21 09:50:40,780 - INFO - Adding trading pair: HFTUSDT - Rows added: 0
2023-12-21 09:50:41,269 - INFO - Adding trading pair: PHBUSDT - Rows added: 0
2023-12-21 09:50:41,759 - INFO - Adding trading pair: HOOKUSDT - Rows added: 0
2023-12-21 09:50:42,250 - INFO - Adding trading pair: MAGICUSDT - Rows added: 0
2023-12-21 09:50:42,732 - INFO - Adding trading pair: HIFIUSDT - Rows added: 0
2023-12-21 09:50:43,223 - INFO - Adding trading pair: RPLUSDT - Rows added: 0
2023-12-21 09:50:43,710 - INFO - Adding trading pair: PROSUSDT - Rows added: 0
2023-12-21 09:50:44,229 - INFO - Adding trading pair: AGIXUSDT - Rows added: 0
2023-12-21 09:50:44,713 - INFO - Adding trading pair: GNSUSDT - Rows added: 0
2023-12-21 09:50:45,224 - INFO - Adding trading pair: SYNUSDT - Rows added: 0
2023-12-21 09:50:45,715 - INFO - Adding trading pair: VIBUSDT - Rows added: 0
2023-12-21 09:50:46,205 - INFO - Adding trading pair: SSVUSDT - Rows added: 0
2023-12-21 09:50:46,696 - INFO - Adding trading pair: LQTYUSDT - Rows added: 0
2023-12-21 09:50:47,190 - INFO - Adding trading pair: AMBUSDT - Rows added: 0
2023-12-21 09:50:47,682 - INFO - Adding trading pair: USTCUSDT - Rows added: 0
2023-12-21 09:50:48,176 - INFO - Adding trading pair: GASUSDT - Rows added: 0
2023-12-21 09:50:48,666 - INFO - Adding trading pair: GLMUSDT - Rows added: 0
2023-12-21 09:50:49,153 - INFO - Adding trading pair: PROMUSDT - Rows added: 0
2023-12-21 09:50:49,652 - INFO - Adding trading pair: QKCUSDT - Rows added: 0
2023-12-21 09:50:50,142 - INFO - Adding trading pair: UFTUSDT - Rows added: 0
2023-12-21 09:50:50,635 - INFO - Adding trading pair: IDUSDT - Rows added: 0
2023-12-21 09:50:51,126 - INFO - Adding trading pair: ARBUSDT - Rows added: 0
2023-12-21 09:50:51,622 - INFO - Adding trading pair: LOOMUSDT - Rows added: 0
2023-12-21 09:50:52,111 - INFO - Adding trading pair: OAXUSDT - Rows added: 0
2023-12-21 09:50:52,602 - INFO - Adding trading pair: RDNTUSDT - Rows added: 0
2023-12-21 09:50:53,091 - INFO - Adding trading pair: USDTPLN - Rows added: 0
2023-12-21 09:50:53,593 - INFO - Adding trading pair: USDTRON - Rows added: 0
2023-12-21 09:50:54,078 - INFO - Adding trading pair: USDTARS - Rows added: 0
2023-12-21 09:50:54,601 - INFO - Adding trading pair: WBTCUSDT - Rows added: 0
2023-12-21 09:50:55,100 - INFO - Adding trading pair: EDUUSDT - Rows added: 0
2023-12-21 09:50:55,588 - INFO - Adding trading pair: SUIUSDT - Rows added: 0
2023-12-21 09:50:56,077 - INFO - Adding trading pair: AERGOUSDT - Rows added: 0
2023-12-21 09:50:56,564 - INFO - Adding trading pair: PEPEUSDT - Rows added: 0
2023-12-21 09:50:57,052 - INFO - Adding trading pair: FLOKIUSDT - Rows added: 0
2023-12-21 09:50:57,544 - INFO - Adding trading pair: ASTUSDT - Rows added: 0
2023-12-21 09:50:58,032 - INFO - Adding trading pair: SNTUSDT - Rows added: 0
2023-12-21 09:50:58,521 - INFO - Adding trading pair: COMBOUSDT - Rows added: 0
2023-12-21 09:50:59,036 - INFO - Adding trading pair: MAVUSDT - Rows added: 0
2023-12-21 09:50:59,527 - INFO - Adding trading pair: PENDLEUSDT - Rows added: 0
2023-12-21 09:51:00,047 - INFO - Adding trading pair: TUSDTRY - Rows added: 0
2023-12-21 09:51:00,537 - INFO - Adding trading pair: ARKMUSDT - Rows added: 0
2023-12-21 09:51:01,024 - INFO - Adding trading pair: WBETHUSDT - Rows added: 0
2023-12-21 09:51:01,518 - INFO - Adding trading pair: WLDUSDT - Rows added: 0
2023-12-21 09:51:02,018 - INFO - Adding trading pair: FDUSDUSDT - Rows added: 0
2023-12-21 09:51:02,509 - INFO - Adding trading pair: SEIUSDT - Rows added: 0
2023-12-21 09:51:03,002 - INFO - Adding trading pair: CYBERUSDT - Rows added: 0
2023-12-21 09:51:03,491 - INFO - Adding trading pair: ARKUSDT - Rows added: 0
2023-12-21 09:51:03,983 - INFO - Adding trading pair: CREAMUSDT - Rows added: 0
2023-12-21 09:51:04,471 - INFO - Adding trading pair: GFTUSDT - Rows added: 0
2023-12-21 09:51:04,964 - INFO - Adding trading pair: IQUSDT - Rows added: 0
2023-12-21 09:51:05,452 - INFO - Adding trading pair: USDTVAI - Rows added: 0
2023-12-21 09:51:05,942 - INFO - Adding trading pair: FDUSDTRY - Rows added: 0
2023-12-21 09:51:06,434 - INFO - Adding trading pair: NTRNUSDT - Rows added: 0
2023-12-21 09:51:06,922 - INFO - Adding trading pair: TIAUSDT - Rows added: 0
2023-12-21 09:51:07,417 - INFO - Adding trading pair: MEMEUSDT - Rows added: 0
2023-12-21 09:51:07,906 - INFO - Adding trading pair: ORDIUSDT - Rows added: 0
2023-12-21 09:51:08,429 - INFO - Adding trading pair: BEAMXUSDT - Rows added: 0
2023-12-21 09:51:08,917 - INFO - Adding trading pair: PIVXUSDT - Rows added: 0
2023-12-21 09:51:09,424 - INFO - Adding trading pair: VICUSDT - Rows added: 0
2023-12-21 09:51:09,916 - INFO - Adding trading pair: BLURUSDT - Rows added: 0
2023-12-21 09:51:10,408 - INFO - Adding trading pair: VANRYUSDT - Rows added: 0
2023-12-21 09:51:10,897 - INFO - Adding trading pair: AEURUSDT - Rows added: 0
2023-12-21 09:51:11,391 - INFO - Adding trading pair: JTOUSDT - Rows added: 0
2023-12-21 09:51:11,880 - INFO - Adding trading pair: 1000SATSUSDT - Rows added: 0
2023-12-21 09:51:12,376 - INFO - Adding trading pair: BONKUSDT - Rows added: 0
2023-12-21 09:51:12,867 - INFO - Adding trading pair: ACEUSDT - Rows added: 0
2023-12-21 09:51:12,869 - INFO - Job finished at local time: 2023-12-21 09:51:12.869297
