2023-12-21 09:47:55,891 - INFO - Data inserted successfully for bitcoin
2023-12-21 09:47:55,891 - INFO - Data inserted successfully for ethereum
2023-12-21 09:47:55,892 - INFO - Data inserted successfully for tether
2023-12-21 09:47:55,892 - INFO - Data inserted successfully for binancecoin
2023-12-21 09:47:55,892 - INFO - Data inserted successfully for solana
2023-12-21 09:47:55,892 - INFO - Data inserted successfully for ripple
2023-12-21 09:47:55,892 - INFO - Data inserted successfully for usd-coin
2023-12-21 09:47:55,893 - INFO - Data inserted successfully for cardano
2023-12-21 09:47:55,893 - INFO - Data inserted successfully for staked-ether
2023-12-21 09:47:55,893 - INFO - Data inserted successfully for avalanche-2
2023-12-21 09:47:55,893 - INFO - Data inserted successfully for dogecoin
2023-12-21 09:47:55,893 - INFO - Data inserted successfully for polkadot
2023-12-21 09:47:55,894 - INFO - Data inserted successfully for tron
2023-12-21 09:47:55,894 - INFO - Data inserted successfully for chainlink
2023-12-21 09:47:55,894 - INFO - Data inserted successfully for the-open-network
2023-12-21 09:47:55,894 - INFO - Data inserted successfully for matic-network
2023-12-21 09:47:55,894 - INFO - Data inserted successfully for wrapped-bitcoin
2023-12-21 09:47:55,894 - INFO - Data inserted successfully for shiba-inu
2023-12-21 09:47:55,894 - INFO - Data inserted successfully for dai
2023-12-21 09:47:55,895 - INFO - Data inserted successfully for litecoin
2023-12-21 09:47:55,895 - INFO - Data inserted successfully for bitcoin-cash
2023-12-21 09:47:55,895 - INFO - Data inserted successfully for uniswap
2023-12-21 09:47:55,895 - INFO - Data inserted successfully for internet-computer
2023-12-21 09:47:55,895 - INFO - Data inserted successfully for leo-token
2023-12-21 09:47:55,895 - INFO - Data inserted successfully for stellar
2023-12-21 09:47:55,896 - INFO - Data inserted successfully for injective-protocol
2023-12-21 09:47:55,896 - INFO - Data inserted successfully for okb
2023-12-21 09:47:55,896 - INFO - Data inserted successfully for near
2023-12-21 09:47:55,896 - INFO - Data inserted successfully for monero
2023-12-21 09:47:55,896 - INFO - Data inserted successfully for cosmos
2023-12-21 09:47:55,896 - INFO - Data inserted successfully for immutable-x
2023-12-21 09:47:55,897 - INFO - Data inserted successfully for hedera-hashgraph
2023-12-21 09:47:55,897 - INFO - Data inserted successfully for ethereum-classic
2023-12-21 09:47:55,897 - INFO - Data inserted successfully for filecoin
2023-12-21 09:47:55,897 - INFO - Data inserted successfully for vechain
2023-12-21 09:47:55,897 - INFO - Data inserted successfully for crypto-com-chain
2023-12-21 09:47:55,897 - INFO - Data inserted successfully for aptos
2023-12-21 09:47:55,898 - INFO - Data inserted successfully for kaspa
2023-12-21 09:47:55,898 - INFO - Data inserted successfully for true-usd
2023-12-21 09:47:55,898 - INFO - Data inserted successfully for blockstack
2023-12-21 09:47:55,898 - INFO - Data inserted successfully for optimism
2023-12-21 09:47:55,898 - INFO - Data inserted successfully for lido-dao
2023-12-21 09:47:55,898 - INFO - Data inserted successfully for bittensor
2023-12-21 09:47:55,899 - INFO - Data inserted successfully for celestia
2023-12-21 09:47:55,899 - INFO - Data inserted successfully for first-digital-usd
2023-12-21 09:47:55,899 - INFO - Data inserted successfully for mantle
2023-12-21 09:47:55,899 - INFO - Data inserted successfully for elrond-erd-2
2023-12-21 09:47:55,899 - INFO - Data inserted successfully for render-token
2023-12-21 09:47:55,899 - INFO - Data inserted successfully for thorchain
2023-12-21 09:47:55,899 - INFO - Data inserted successfully for algorand
2023-12-21 09:47:55,900 - INFO - Data inserted successfully for quant-network
2023-12-21 09:47:55,900 - INFO - Data inserted successfully for the-graph
2023-12-21 09:47:55,900 - INFO - Data inserted successfully for aave
2023-12-21 09:47:55,900 - INFO - Data inserted successfully for arbitrum
2023-12-21 09:47:55,900 - INFO - Data inserted successfully for rocket-pool-eth
2023-12-21 09:47:55,900 - INFO - Data inserted successfully for flow
2023-12-21 09:47:55,901 - INFO - Data inserted successfully for havven
2023-12-21 09:47:55,901 - INFO - Data inserted successfully for fantom
2023-12-21 09:47:55,901 - INFO - Data inserted successfully for helium
2023-12-21 09:47:55,901 - INFO - Data inserted successfully for bonk
2023-12-21 09:47:55,901 - INFO - Data inserted successfully for maker
2023-12-21 09:47:55,901 - INFO - Data inserted successfully for ordinals
2023-12-21 09:47:55,902 - INFO - Data inserted successfully for wemix-token
2023-12-21 09:47:55,902 - INFO - Data inserted successfully for theta-token
2023-12-21 09:47:55,902 - INFO - Data inserted successfully for the-sandbox
2023-12-21 09:47:55,902 - INFO - Data inserted successfully for bittorrent
2023-12-21 09:47:55,902 - INFO - Data inserted successfully for kucoin-shares
2023-12-21 09:47:55,902 - INFO - Data inserted successfully for neo
2023-12-21 09:47:55,903 - INFO - Data inserted successfully for binance-usd
2023-12-21 09:47:55,903 - INFO - Data inserted successfully for axie-infinity
2023-12-21 09:47:55,903 - INFO - Data inserted successfully for bitcoin-cash-sv
2023-12-21 09:47:55,903 - INFO - Data inserted successfully for beam-2
2023-12-21 09:47:55,903 - INFO - Data inserted successfully for terra-luna
2023-12-21 09:47:55,903 - INFO - Data inserted successfully for decentraland
2023-12-21 09:47:55,903 - INFO - Data inserted successfully for gala
2023-12-21 09:47:55,904 - INFO - Data inserted successfully for mina-protocol
2023-12-21 09:47:55,904 - INFO - Data inserted successfully for bitget-token
2023-12-21 09:47:55,904 - INFO - Data inserted successfully for tokenize-xchange
2023-12-21 09:47:55,904 - INFO - Data inserted successfully for sei-network
2023-12-21 09:47:55,904 - INFO - Data inserted successfully for eos
2023-12-21 09:47:55,904 - INFO - Data inserted successfully for osmosis
2023-12-21 09:47:55,905 - INFO - Data inserted successfully for kava
2023-12-21 09:47:55,905 - INFO - Data inserted successfully for iota
2023-12-21 09:47:55,905 - INFO - Data inserted successfully for whitebit
2023-12-21 09:47:55,905 - INFO - Data inserted successfully for tezos
2023-12-21 09:47:55,905 - INFO - Data inserted successfully for woo-network
2023-12-21 09:47:55,905 - INFO - Data inserted successfully for dydx
2023-12-21 09:47:55,906 - INFO - Data inserted successfully for klay-token
2023-12-21 09:47:55,906 - INFO - Data inserted successfully for fetch-ai
2023-12-21 09:47:55,906 - INFO - Data inserted successfully for sui
2023-12-21 09:47:55,906 - INFO - Data inserted successfully for gatechain-token
2023-12-21 09:47:55,906 - INFO - Data inserted successfully for usdd
2023-12-21 09:47:55,906 - INFO - Data inserted successfully for cheelee
2023-12-21 09:47:55,907 - INFO - Data inserted successfully for frax-ether
2023-12-21 09:47:55,907 - INFO - Data inserted successfully for conflux-token
2023-12-21 09:47:55,907 - INFO - Data inserted successfully for xdce-crowd-sale
2023-12-21 09:47:55,907 - INFO - Data inserted successfully for ecash
2023-12-21 09:47:55,907 - INFO - Data inserted successfully for frax
2023-12-21 09:47:55,907 - INFO - Data inserted successfully for chiliz
2023-12-21 09:47:55,907 - INFO - Data inserted successfully for frax-share
2023-12-21 09:47:55,908 - INFO - Data inserted successfully for blur
2023-12-21 09:47:55,908 - INFO - Data inserted successfully for arweave
2023-12-21 09:47:55,908 - INFO - Data inserted successfully for apecoin
2023-12-21 09:47:55,908 - INFO - Data inserted successfully for pancakeswap-token
2023-12-21 09:47:55,908 - INFO - Data inserted successfully for terra-luna-2
2023-12-21 09:47:55,908 - INFO - Data inserted successfully for msol
2023-12-21 09:47:55,909 - INFO - Data inserted successfully for iotex
2023-12-21 09:47:55,909 - INFO - Data inserted successfully for illuvium
2023-12-21 09:47:55,909 - INFO - Data inserted successfully for curve-dao-token
2023-12-21 09:47:55,909 - INFO - Data inserted successfully for aelf
2023-12-21 09:47:55,909 - INFO - Data inserted successfully for axelar
2023-12-21 09:47:55,909 - INFO - Data inserted successfully for akash-network
2023-12-21 09:47:55,910 - INFO - Data inserted successfully for kujira
2023-12-21 09:47:55,910 - INFO - Data inserted successfully for rocket-pool
2023-12-21 09:47:55,910 - INFO - Data inserted successfully for pepe
2023-12-21 09:47:55,910 - INFO - Data inserted successfully for pyth-network
2023-12-21 09:47:55,910 - INFO - Data inserted successfully for flare-networks
2023-12-21 09:47:55,910 - INFO - Data inserted successfully for compound-ether
2023-12-21 09:47:55,911 - INFO - Data inserted successfully for astar
2023-12-21 09:47:55,911 - INFO - Data inserted successfully for gnosis
2023-12-21 09:47:55,911 - INFO - Data inserted successfully for tether-gold
2023-12-21 09:47:55,911 - INFO - Data inserted successfully for trust-wallet-token
2023-12-21 09:47:55,911 - INFO - Data inserted successfully for radix
2023-12-21 09:47:55,911 - INFO - Data inserted successfully for staked-frax-ether
2023-12-21 09:47:55,911 - INFO - Data inserted successfully for corgiai
2023-12-21 09:47:55,912 - INFO - Data inserted successfully for oasis-network
2023-12-21 09:47:55,912 - INFO - Data inserted successfully for nexo
2023-12-21 09:47:55,912 - INFO - Data inserted successfully for casper-network
2023-12-21 09:47:55,912 - INFO - Data inserted successfully for coredaoorg
2023-12-21 09:47:55,912 - INFO - Data inserted successfully for ronin
2023-12-21 09:47:55,912 - INFO - Data inserted successfully for gas
2023-12-21 09:47:55,913 - INFO - Data inserted successfully for compound-wrapped-btc
2023-12-21 09:47:55,913 - INFO - Data inserted successfully for coinbase-wrapped-staked-eth
2023-12-21 09:47:55,913 - INFO - Data inserted successfully for helium-mobile
2023-12-21 09:47:55,913 - INFO - Data inserted successfully for pax-gold
2023-12-21 09:47:55,913 - INFO - Data inserted successfully for apenft
2023-12-21 09:47:55,913 - INFO - Data inserted successfully for rollbit-coin
2023-12-21 09:47:55,914 - INFO - Data inserted successfully for aleph-zero
2023-12-21 09:47:55,914 - INFO - Data inserted successfully for zcash
2023-12-21 09:47:55,914 - INFO - Data inserted successfully for huobi-btc
2023-12-21 09:47:55,914 - INFO - Data inserted successfully for 1inch
2023-12-21 09:47:55,914 - INFO - Data inserted successfully for huobi-token
2023-12-21 09:47:55,914 - INFO - Data inserted successfully for stepn
2023-12-21 09:47:55,915 - INFO - Data inserted successfully for siacoin
2023-12-21 09:47:55,915 - INFO - Data inserted successfully for zilliqa
2023-12-21 09:47:55,915 - INFO - Data inserted successfully for singularitynet
2023-12-21 09:47:55,915 - INFO - Data inserted successfully for gmx
2023-12-21 09:47:55,915 - INFO - Data inserted successfully for holotoken
2023-12-21 09:47:55,915 - INFO - Data inserted successfully for lido-staked-sol
2023-12-21 09:47:55,915 - INFO - Data inserted successfully for worldcoin-wld
2023-12-21 09:47:55,916 - INFO - Data inserted successfully for orca
2023-12-21 09:47:55,916 - INFO - Data inserted successfully for paxos-standard
2023-12-21 09:47:55,916 - INFO - Data inserted successfully for dash
2023-12-21 09:47:55,916 - INFO - Data inserted successfully for basic-attention-token
2023-12-21 09:47:55,916 - INFO - Data inserted successfully for oec-token
2023-12-21 09:47:55,916 - INFO - Data inserted successfully for benqi-liquid-staked-avax
2023-12-21 09:47:55,917 - INFO - Data inserted successfully for compound-governance-token
2023-12-21 09:47:55,917 - INFO - Data inserted successfully for floki
2023-12-21 09:47:55,917 - INFO - Data inserted successfully for enjincoin
2023-12-21 09:47:55,917 - INFO - Data inserted successfully for nem
2023-12-21 09:47:55,918 - INFO - Data inserted successfully for qtum
2023-12-21 09:47:55,918 - INFO - Data inserted successfully for tellor
2023-12-21 09:47:55,918 - INFO - Data inserted successfully for jito-governance-token
2023-12-21 09:47:55,918 - INFO - Data inserted successfully for loopring
2023-12-21 09:47:55,918 - INFO - Data inserted successfully for celo
2023-12-21 09:47:55,918 - INFO - Data inserted successfully for multibit
2023-12-21 09:47:55,919 - INFO - Data inserted successfully for 0x
2023-12-21 09:47:55,919 - INFO - Data inserted successfully for ocean-protocol
2023-12-21 09:47:55,919 - INFO - Data inserted successfully for safepal
2023-12-21 09:47:55,919 - INFO - Data inserted successfully for terrausd
2023-12-21 09:47:55,919 - INFO - Data inserted successfully for bitcoin-gold
2023-12-21 09:47:55,919 - INFO - Data inserted successfully for ankr
2023-12-21 09:47:55,920 - INFO - Data inserted successfully for auction
2023-12-21 09:47:55,920 - INFO - Data inserted successfully for chia
2023-12-21 09:47:55,920 - INFO - Data inserted successfully for jasmycoin
2023-12-21 09:47:55,920 - INFO - Data inserted successfully for theta-fuel
2023-12-21 09:47:55,920 - INFO - Data inserted successfully for mx-token
2023-12-21 09:47:55,920 - INFO - Data inserted successfully for alexgo
2023-12-21 09:47:55,921 - INFO - Data inserted successfully for deso
2023-12-21 09:47:55,921 - INFO - Data inserted successfully for echelon-prime
2023-12-21 09:47:55,921 - INFO - Data inserted successfully for livepeer
2023-12-21 09:47:55,921 - INFO - Data inserted successfully for mask-network
2023-12-21 09:47:55,921 - INFO - Data inserted successfully for raydium
2023-12-21 09:47:55,921 - INFO - Data inserted successfully for just
2023-12-21 09:47:55,922 - INFO - Data inserted successfully for ethereum-pow-iou
2023-12-21 09:47:55,922 - INFO - Data inserted successfully for ribbon-finance
2023-12-21 09:47:55,922 - INFO - Data inserted successfully for fasttoken
2023-12-21 09:47:55,922 - INFO - Data inserted successfully for kusama
2023-12-21 09:47:55,922 - INFO - Data inserted successfully for biconomy
2023-12-21 09:47:55,922 - INFO - Data inserted successfully for memecoin-2
2023-12-21 09:47:55,923 - INFO - Data inserted successfully for convex-finance
2023-12-21 09:47:55,923 - INFO - Data inserted successfully for yearn-finance
2023-12-21 09:47:55,923 - INFO - Data inserted successfully for beldex
2023-12-21 09:47:55,923 - INFO - Data inserted successfully for stride
2023-12-21 09:47:55,923 - INFO - Data inserted successfully for superfarm
2023-12-21 09:47:55,923 - INFO - Data inserted successfully for moonbeam
2023-12-21 09:47:55,924 - INFO - Data inserted successfully for waves
2023-12-21 09:47:55,924 - INFO - Data inserted successfully for ravencoin
2023-12-21 09:47:55,924 - INFO - Data inserted successfully for link
2023-12-21 09:47:55,924 - INFO - Data inserted successfully for centrifuge
2023-12-21 09:47:55,924 - INFO - Data inserted successfully for paypal-usd
2023-12-21 09:47:55,924 - INFO - Data inserted successfully for metis-token
2023-12-21 09:47:55,925 - INFO - Data inserted successfully for audius
2023-12-21 09:47:55,925 - INFO - Data inserted successfully for ethereum-name-service
2023-12-21 09:47:55,925 - INFO - Data inserted successfully for lukso-token-2
2023-12-21 09:47:55,925 - INFO - Data inserted successfully for dao-maker
2023-12-21 09:47:55,925 - INFO - Data inserted successfully for golem
2023-12-21 09:47:55,925 - INFO - Data inserted successfully for icon
2023-12-21 09:47:55,925 - INFO - Data inserted successfully for autonolas
2023-12-21 09:47:55,926 - INFO - Data inserted successfully for skale
2023-12-21 09:47:55,926 - INFO - Data inserted successfully for decred
2023-12-21 09:47:55,926 - INFO - Data inserted successfully for wax
2023-12-21 09:47:55,926 - INFO - Data inserted successfully for nxm
2023-12-21 09:47:55,926 - INFO - Data inserted successfully for band-protocol
2023-12-21 09:47:55,926 - INFO - Data inserted successfully for escoin-token
2023-12-21 09:47:55,927 - INFO - Data inserted successfully for joe
2023-12-21 09:47:55,927 - INFO - Data inserted successfully for aragon
2023-12-21 09:47:55,927 - INFO - Data inserted successfully for swipe
2023-12-21 09:47:55,927 - INFO - Data inserted successfully for magic
2023-12-21 09:47:55,927 - INFO - Data inserted successfully for dogwifcoin
2023-12-21 09:47:55,927 - INFO - Data inserted successfully for baby-doge-coin
2023-12-21 09:47:55,928 - INFO - Data inserted successfully for seedify-fund
2023-12-21 09:47:55,928 - INFO - Data inserted successfully for sushi
2023-12-21 09:47:55,928 - INFO - Data inserted successfully for balancer
2023-12-21 09:47:55,928 - INFO - Data inserted successfully for dexe
2023-12-21 09:47:55,928 - INFO - Data inserted successfully for amp-token
2023-12-21 09:47:55,928 - INFO - Data inserted successfully for stratis
2023-12-21 09:47:55,929 - INFO - Data inserted successfully for ontology
2023-12-21 09:47:55,929 - INFO - Data inserted successfully for swissborg
2023-12-21 09:47:55,929 - INFO - Data inserted successfully for bitkub-coin
2023-12-21 09:47:55,929 - INFO - Data inserted successfully for zelcash
2023-12-21 09:47:55,929 - INFO - Data inserted successfully for wrapped-centrifuge
2023-12-21 09:47:55,929 - INFO - Data inserted successfully for origintrail
2023-12-21 09:47:55,930 - INFO - Data inserted successfully for harmony
2023-12-21 09:47:55,930 - INFO - Data inserted successfully for kadena
2023-12-21 09:47:55,930 - INFO - Data inserted successfully for sweth
2023-12-21 09:47:55,930 - INFO - Data inserted successfully for bone-shibaswap
2023-12-21 09:47:55,930 - INFO - Data inserted successfully for olympus
2023-12-21 09:47:55,930 - INFO - Data inserted successfully for ecomi
2023-12-21 09:47:55,930 - INFO - Data inserted successfully for iostoken
2023-12-21 09:47:55,931 - INFO - Data inserted successfully for genesysgo-shadow
2023-12-21 09:47:55,931 - INFO - Data inserted successfully for coq-inu
2023-12-21 09:47:55,931 - INFO - Data inserted successfully for liquity-usd
2023-12-21 09:47:55,931 - INFO - Data inserted successfully for vethor-token
2023-12-21 09:47:55,931 - INFO - Data inserted successfully for polymesh
2023-12-21 09:47:55,931 - INFO - Data inserted successfully for gxchain
2023-12-21 09:47:55,932 - INFO - Data inserted successfully for lisk
2023-12-21 09:47:55,932 - INFO - Data inserted successfully for ark
2023-12-21 09:47:55,932 - INFO - Data inserted successfully for project-galaxy
2023-12-21 09:47:55,932 - INFO - Data inserted successfully for storj
2023-12-21 09:48:06,272 - INFO - Data inserted successfully for prisma-mkusd
2023-12-21 09:48:06,272 - INFO - Data inserted successfully for status
2023-12-21 09:48:06,273 - INFO - Data inserted successfully for alchemix-usd
2023-12-21 09:48:06,273 - INFO - Data inserted successfully for telcoin
2023-12-21 09:48:06,273 - INFO - Data inserted successfully for api3
2023-12-21 09:48:06,273 - INFO - Data inserted successfully for cdai
2023-12-21 09:48:06,273 - INFO - Data inserted successfully for uma
2023-12-21 09:48:06,274 - INFO - Data inserted successfully for pocket-network
2023-12-21 09:48:06,274 - INFO - Data inserted successfully for tominet
2023-12-21 09:48:06,274 - INFO - Data inserted successfully for orbs
2023-12-21 09:48:06,274 - INFO - Data inserted successfully for polymath
2023-12-21 09:48:06,274 - INFO - Data inserted successfully for creditcoin-2
2023-12-21 09:48:06,274 - INFO - Data inserted successfully for plearn
2023-12-21 09:48:06,275 - INFO - Data inserted successfully for bitcoin-avalanche-bridged-btc-b
2023-12-21 09:48:06,275 - INFO - Data inserted successfully for venus
2023-12-21 09:48:06,275 - INFO - Data inserted successfully for power-ledger
2023-12-21 09:48:06,275 - INFO - Data inserted successfully for edu-coin
2023-12-21 09:48:06,275 - INFO - Data inserted successfully for wrapped-beacon-eth
2023-12-21 09:48:06,275 - INFO - Data inserted successfully for blox
2023-12-21 09:48:06,276 - INFO - Data inserted successfully for ssv-network
2023-12-21 09:48:06,276 - INFO - Data inserted successfully for merit-circle
2023-12-21 09:48:06,276 - INFO - Data inserted successfully for canto
2023-12-21 09:48:06,276 - INFO - Data inserted successfully for constellation-labs
2023-12-21 09:48:06,276 - INFO - Data inserted successfully for bora
2023-12-21 09:48:06,276 - INFO - Data inserted successfully for trac
2023-12-21 09:48:06,276 - INFO - Data inserted successfully for bluzelle
2023-12-21 09:48:06,277 - INFO - Data inserted successfully for coin98
2023-12-21 09:48:06,277 - INFO - Data inserted successfully for metaplex
2023-12-21 09:48:06,277 - INFO - Data inserted successfully for vvs-finance
2023-12-21 09:48:06,277 - INFO - Data inserted successfully for nervos-network
2023-12-21 09:48:06,277 - INFO - Data inserted successfully for digibyte
2023-12-21 09:48:06,277 - INFO - Data inserted successfully for vulcan-forged
2023-12-21 09:48:06,278 - INFO - Data inserted successfully for nano
2023-12-21 09:48:06,278 - INFO - Data inserted successfully for tribe-2
2023-12-21 09:48:06,279 - INFO - Data inserted successfully for aioz-network
2023-12-21 09:48:06,279 - INFO - Data inserted successfully for zencash
2023-12-21 09:48:06,279 - INFO - Data inserted successfully for rif-token
2023-12-21 09:48:06,279 - INFO - Data inserted successfully for covalent
2023-12-21 09:48:06,279 - INFO - Data inserted successfully for insure
2023-12-21 09:48:06,279 - INFO - Data inserted successfully for reserve-rights-token
2023-12-21 09:48:06,279 - INFO - Data inserted successfully for btse-token
2023-12-21 09:48:06,279 - INFO - Data inserted successfully for compound-usd-coin
2023-12-21 09:48:06,280 - INFO - Data inserted successfully for stasis-eurs
2023-12-21 09:48:06,280 - INFO - Data inserted successfully for loom-network-new
2023-12-21 09:48:06,280 - INFO - Data inserted successfully for cartesi
2023-12-21 09:48:06,280 - INFO - Data inserted successfully for ong
2023-12-21 09:48:06,280 - INFO - Data inserted successfully for songbird
2023-12-21 09:48:06,280 - INFO - Data inserted successfully for hive
2023-12-21 09:48:06,280 - INFO - Data inserted successfully for star-atlas-dao
2023-12-21 09:48:06,281 - INFO - Data inserted successfully for space-id
2023-12-21 09:48:06,281 - INFO - Data inserted successfully for krypton-dao
2023-12-21 09:48:06,281 - INFO - Data inserted successfully for liquity
2023-12-21 09:48:06,281 - INFO - Data inserted successfully for gains-network
2023-12-21 09:48:06,281 - INFO - Data inserted successfully for tor
2023-12-21 09:48:06,282 - INFO - Data inserted successfully for hooked-protocol
2023-12-21 09:48:06,282 - INFO - Data inserted successfully for milk-alliance
2023-12-21 09:48:06,282 - INFO - Data inserted successfully for smooth-love-potion
2023-12-21 09:48:06,282 - INFO - Data inserted successfully for lukso-token
2023-12-21 09:48:06,282 - INFO - Data inserted successfully for pundi-x-2
2023-12-21 09:48:06,283 - INFO - Data inserted successfully for elastos
2023-12-21 09:48:06,283 - INFO - Data inserted successfully for maple
2023-12-21 09:48:06,283 - INFO - Data inserted successfully for astroport-fi
2023-12-21 09:48:06,283 - INFO - Data inserted successfully for dkargo
2023-12-21 09:48:06,283 - INFO - Data inserted successfully for agoric
2023-12-21 09:48:06,283 - INFO - Data inserted successfully for defichain
2023-12-21 09:48:06,283 - INFO - Data inserted successfully for ampleforth
2023-12-21 09:48:06,283 - INFO - Data inserted successfully for stp-network
2023-12-21 09:48:06,283 - INFO - Data inserted successfully for iexec-rlc
2023-12-21 09:48:06,284 - INFO - Data inserted successfully for access-protocol
2023-12-21 09:48:06,284 - INFO - Data inserted successfully for polkastarter
2023-12-21 09:48:06,284 - INFO - Data inserted successfully for playdapp
2023-12-21 09:48:06,284 - INFO - Data inserted successfully for gamefi
2023-12-21 09:48:06,284 - INFO - Data inserted successfully for wilder-world
2023-12-21 09:48:06,284 - INFO - Data inserted successfully for arkham
2023-12-21 09:48:06,285 - INFO - Data inserted successfully for marlin
2023-12-21 09:48:06,285 - INFO - Data inserted successfully for 0x0-ai-ai-smart-contract
2023-12-21 09:48:06,285 - INFO - Data inserted successfully for alpha-finance
2023-12-21 09:48:06,285 - INFO - Data inserted successfully for ergo
2023-12-21 09:48:06,285 - INFO - Data inserted successfully for aurora-near
2023-12-21 09:48:06,285 - INFO - Data inserted successfully for fx-coin
2023-12-21 09:48:06,286 - INFO - Data inserted successfully for omisego
2023-12-21 09:48:06,286 - INFO - Data inserted successfully for kyber-network-crystal
2023-12-21 09:48:06,286 - INFO - Data inserted successfully for steem
2023-12-21 09:48:06,286 - INFO - Data inserted successfully for secret
2023-12-21 09:48:06,286 - INFO - Data inserted successfully for nakamoto-games
2023-12-21 09:48:06,286 - INFO - Data inserted successfully for eusd-new
2023-12-21 09:48:06,286 - INFO - Data inserted successfully for celer-network
2023-12-21 09:48:06,287 - INFO - Data inserted successfully for mass-vehicle-ledger
2023-12-21 09:48:06,287 - INFO - Data inserted successfully for dogelon-mars
2023-12-21 09:48:06,287 - INFO - Data inserted successfully for yield-guild-games
2023-12-21 09:48:06,287 - INFO - Data inserted successfully for certik
2023-12-21 09:48:06,287 - INFO - Data inserted successfully for oraichain-token
2023-12-21 09:48:06,287 - INFO - Data inserted successfully for stader-ethx
2023-12-21 09:48:06,288 - INFO - Data inserted successfully for myria
2023-12-21 09:48:06,288 - INFO - Data inserted successfully for energy-web-token
2023-12-21 09:48:06,288 - INFO - Data inserted successfully for short-term-t-bill-token
2023-12-21 09:48:06,288 - INFO - Data inserted successfully for radiant-capital
2023-12-21 09:48:06,288 - INFO - Data inserted successfully for nym
2023-12-21 09:48:06,288 - INFO - Data inserted successfully for guild-of-guardians
2023-12-21 09:48:06,288 - INFO - Data inserted successfully for guildfi
2023-12-21 09:48:06,289 - INFO - Data inserted successfully for stargate-finance
2023-12-21 09:48:06,289 - INFO - Data inserted successfully for bakerytoken
2023-12-21 09:48:06,290 - INFO - Data inserted successfully for my-neighbor-alice
2023-12-21 09:48:06,290 - INFO - Data inserted successfully for alchemy-pay
2023-12-21 09:48:06,290 - INFO - Data inserted successfully for numeraire
2023-12-21 09:48:06,290 - INFO - Data inserted successfully for marcopolo
2023-12-21 09:48:06,290 - INFO - Data inserted successfully for crvusd
2023-12-21 09:48:06,290 - INFO - Data inserted successfully for dodo
2023-12-21 09:48:06,290 - INFO - Data inserted successfully for medibloc
2023-12-21 09:48:06,291 - INFO - Data inserted successfully for metal
2023-12-21 09:48:06,291 - INFO - Data inserted successfully for pendle
2023-12-21 09:48:06,291 - INFO - Data inserted successfully for celsius-degree-token
2023-12-21 09:48:06,291 - INFO - Data inserted successfully for superrare
2023-12-21 09:48:06,291 - INFO - Data inserted successfully for dent
2023-12-21 09:48:06,291 - INFO - Data inserted successfully for nucypher
2023-12-21 09:48:06,292 - INFO - Data inserted successfully for cornucopias
2023-12-21 09:48:06,292 - INFO - Data inserted successfully for benqi
2023-12-21 09:48:06,292 - INFO - Data inserted successfully for allianceblock-nexera
2023-12-21 09:48:06,292 - INFO - Data inserted successfully for maverick-protocol
2023-12-21 09:48:06,292 - INFO - Data inserted successfully for oasys
2023-12-21 09:48:06,292 - INFO - Data inserted successfully for ardor
2023-12-21 09:48:06,293 - INFO - Data inserted successfully for everipedia
2023-12-21 09:48:06,293 - INFO - Data inserted successfully for tokamak-network
2023-12-21 09:48:06,293 - INFO - Data inserted successfully for bancor
2023-12-21 09:48:06,293 - INFO - Data inserted successfully for storm
2023-12-21 09:48:06,293 - INFO - Data inserted successfully for prometeus
2023-12-21 09:48:06,293 - INFO - Data inserted successfully for chromaway
2023-12-21 09:48:06,293 - INFO - Data inserted successfully for dimo
2023-12-21 09:48:06,294 - INFO - Data inserted successfully for syscoin
2023-12-21 09:48:06,294 - INFO - Data inserted successfully for coinex-token
2023-12-21 09:48:06,294 - INFO - Data inserted successfully for decimal
2023-12-21 09:48:06,294 - INFO - Data inserted successfully for samoyedcoin
2023-12-21 09:48:06,294 - INFO - Data inserted successfully for sweatcoin
2023-12-21 09:48:06,294 - INFO - Data inserted successfully for loom-network
2023-12-21 09:48:06,295 - INFO - Data inserted successfully for nkn
2023-12-21 09:48:06,295 - INFO - Data inserted successfully for gods-unchained
2023-12-21 09:48:06,295 - INFO - Data inserted successfully for adventure-gold
2023-12-21 09:48:06,295 - INFO - Data inserted successfully for star-atlas
2023-12-21 09:48:06,295 - INFO - Data inserted successfully for world-mobile-token
2023-12-21 09:48:06,296 - INFO - Data inserted successfully for smardex
2023-12-21 09:48:06,296 - INFO - Data inserted successfully for gelato
2023-12-21 09:48:06,296 - INFO - Data inserted successfully for ultra
2023-12-21 09:48:06,296 - INFO - Data inserted successfully for gmt-token
2023-12-21 09:48:06,296 - INFO - Data inserted successfully for evmos
2023-12-21 09:48:06,296 - INFO - Data inserted successfully for neon
2023-12-21 09:48:06,297 - INFO - Data inserted successfully for chainflip
2023-12-21 09:48:06,297 - INFO - Data inserted successfully for solend
2023-12-21 09:48:06,297 - INFO - Data inserted successfully for dora-factory-2
2023-12-21 09:48:06,297 - INFO - Data inserted successfully for humanscape
2023-12-21 09:48:06,297 - INFO - Data inserted successfully for humans-ai
2023-12-21 09:48:06,297 - INFO - Data inserted successfully for tenset
2023-12-21 09:48:06,298 - INFO - Data inserted successfully for wink
2023-12-21 09:48:06,298 - INFO - Data inserted successfully for shardus
2023-12-21 09:48:06,298 - INFO - Data inserted successfully for coti
2023-12-21 09:48:06,298 - INFO - Data inserted successfully for rss3
2023-12-21 09:48:06,298 - INFO - Data inserted successfully for kinesis-silver
2023-12-21 09:48:06,299 - INFO - Data inserted successfully for civic
2023-12-21 09:48:06,299 - INFO - Data inserted successfully for marblex
2023-12-21 09:48:06,299 - INFO - Data inserted successfully for kinesis-gold
2023-12-21 09:48:06,299 - INFO - Data inserted successfully for route
2023-12-21 09:48:06,299 - INFO - Data inserted successfully for stader-maticx
2023-12-21 09:48:06,299 - INFO - Data inserted successfully for verus-coin
2023-12-21 09:48:06,300 - INFO - Data inserted successfully for bifrost
2023-12-21 09:48:06,300 - INFO - Data inserted successfully for ultima
2023-12-21 09:48:06,300 - INFO - Data inserted successfully for moviebloc
2023-12-21 09:48:06,300 - INFO - Data inserted successfully for jesus-coin
2023-12-21 09:48:06,300 - INFO - Data inserted successfully for hivemapper
2023-12-21 09:48:06,300 - INFO - Data inserted successfully for vitadao
2023-12-21 09:48:06,301 - INFO - Data inserted successfully for big-time
2023-12-21 09:48:06,301 - INFO - Data inserted successfully for crypto-asset-governance-alliance
2023-12-21 09:48:06,301 - INFO - Data inserted successfully for metars-genesis
2023-12-21 09:48:06,301 - INFO - Data inserted successfully for everscale
2023-12-21 09:48:06,301 - INFO - Data inserted successfully for bitrise-token
2023-12-21 09:48:06,301 - INFO - Data inserted successfully for vega-protocol
2023-12-21 09:48:06,302 - INFO - Data inserted successfully for origin-ether
2023-12-21 09:48:06,302 - INFO - Data inserted successfully for hxro
2023-12-21 09:48:06,302 - INFO - Data inserted successfully for cortex
2023-12-21 09:48:06,302 - INFO - Data inserted successfully for radicle
2023-12-21 09:48:06,302 - INFO - Data inserted successfully for marinade
2023-12-21 09:48:06,303 - INFO - Data inserted successfully for crown-by-third-time-games
2023-12-21 09:48:06,303 - INFO - Data inserted successfully for goldfinch
2023-12-21 09:48:06,303 - INFO - Data inserted successfully for tomochain
2023-12-21 09:48:06,303 - INFO - Data inserted successfully for alethea-artificial-liquid-intelligence-token
2023-12-21 09:48:06,303 - INFO - Data inserted successfully for hunt-token
2023-12-21 09:48:06,303 - INFO - Data inserted successfully for hifi-finance
2023-12-21 09:48:06,303 - INFO - Data inserted successfully for badger-dao
2023-12-21 09:48:06,304 - INFO - Data inserted successfully for hello-labs
2023-12-21 09:48:06,304 - INFO - Data inserted successfully for xyo-network
2023-12-21 09:48:06,304 - INFO - Data inserted successfully for lyra-finance
2023-12-21 09:48:06,304 - INFO - Data inserted successfully for chainge-finance
2023-12-21 09:48:06,304 - INFO - Data inserted successfully for wazirx
2023-12-21 09:48:06,305 - INFO - Data inserted successfully for mobox
2023-12-21 09:48:06,305 - INFO - Data inserted successfully for nerve-finance
2023-12-21 09:48:06,305 - INFO - Data inserted successfully for meld-2
2023-12-21 09:48:06,305 - INFO - Data inserted successfully for victoria-vr
2023-12-21 09:48:06,305 - INFO - Data inserted successfully for maidsafecoin
2023-12-21 09:48:06,305 - INFO - Data inserted successfully for spell-token
2023-12-21 09:48:06,306 - INFO - Data inserted successfully for harrypotterobamasonic10in
2023-12-21 09:48:06,306 - INFO - Data inserted successfully for synapse-2
2023-12-21 09:48:06,306 - INFO - Data inserted successfully for request-network
2023-12-21 09:48:06,306 - INFO - Data inserted successfully for gitcoin
2023-12-21 09:48:06,306 - INFO - Data inserted successfully for sommelier
2023-12-21 09:48:06,306 - INFO - Data inserted successfully for quark-chain
2023-12-21 09:48:06,307 - INFO - Data inserted successfully for metadium
2023-12-21 09:48:06,307 - INFO - Data inserted successfully for ozone-chain
2023-12-21 09:48:06,307 - INFO - Data inserted successfully for stargaze
2023-12-21 09:48:06,307 - INFO - Data inserted successfully for origin-protocol
2023-12-21 09:48:06,307 - INFO - Data inserted successfully for milady-meme-coin
2023-12-21 09:48:06,307 - INFO - Data inserted successfully for cobak-token
2023-12-21 09:48:06,308 - INFO - Data inserted successfully for trias-token
2023-12-21 09:48:06,308 - INFO - Data inserted successfully for dusk-network
2023-12-21 09:48:06,308 - INFO - Data inserted successfully for acala
2023-12-21 09:48:06,308 - INFO - Data inserted successfully for funfair
2023-12-21 09:48:06,309 - INFO - Data inserted successfully for dock
2023-12-21 09:48:06,309 - INFO - Data inserted successfully for cyberconnect
2023-12-21 09:48:06,309 - INFO - Data inserted successfully for sun-token
2023-12-21 09:48:06,309 - INFO - Data inserted successfully for pha
2023-12-21 09:48:06,309 - INFO - Data inserted successfully for planet-token
2023-12-21 09:48:06,310 - INFO - Data inserted successfully for verasity
2023-12-21 09:48:06,310 - INFO - Data inserted successfully for sharering
2023-12-21 09:48:06,310 - INFO - Data inserted successfully for solo-coin
2023-12-21 09:48:06,310 - INFO - Data inserted successfully for persistence
2023-12-21 09:48:06,310 - INFO - Data inserted successfully for uwu-lend
2023-12-21 09:48:06,310 - INFO - Data inserted successfully for chainx
2023-12-21 09:48:06,310 - INFO - Data inserted successfully for toshi
2023-12-21 09:48:06,310 - INFO - Data inserted successfully for open-exchange-token
2023-12-21 09:48:06,311 - INFO - Data inserted successfully for aergo
2023-12-21 09:48:06,311 - INFO - Data inserted successfully for veno-finance
2023-12-21 09:48:06,311 - INFO - Data inserted successfully for constitutiondao
2023-12-21 09:48:06,311 - INFO - Data inserted successfully for murasaki
2023-12-21 09:48:06,311 - INFO - Data inserted successfully for paal-ai
2023-12-21 09:48:06,311 - INFO - Data inserted successfully for wrapped-nxm
2023-12-21 09:48:06,311 - INFO - Data inserted successfully for keep-network
2023-12-21 09:48:06,312 - INFO - Data inserted successfully for seth2
2023-12-21 09:48:06,312 - INFO - Data inserted successfully for unizen
2023-12-21 09:48:06,312 - INFO - Data inserted successfully for ecoin-2
2023-12-21 09:48:06,312 - INFO - Data inserted successfully for tokenlon
2023-12-21 09:48:06,312 - INFO - Data inserted successfully for republic-protocol
2023-12-21 09:48:06,313 - INFO - Data inserted successfully for cocos-bcx
2023-12-21 09:48:06,313 - INFO - Data inserted successfully for sidus
2023-12-21 09:48:06,313 - INFO - Data inserted successfully for games-for-a-living
2023-12-21 09:48:06,313 - INFO - Data inserted successfully for alien-worlds
2023-12-21 09:48:06,313 - INFO - Data inserted successfully for somesing
2023-12-21 09:48:06,313 - INFO - Data inserted successfully for dextools
2023-12-21 09:48:06,313 - INFO - Data inserted successfully for stakewise-v3-oseth
2023-12-21 09:48:06,314 - INFO - Data inserted successfully for radio-caca
2023-12-21 09:48:06,314 - INFO - Data inserted successfully for hashflow
2023-12-21 09:48:06,314 - INFO - Data inserted successfully for tbtc
2023-12-21 09:48:06,314 - INFO - Data inserted successfully for steem-dollars
2023-12-21 09:48:06,314 - INFO - Data inserted successfully for mainframe
2023-12-21 09:48:16,427 - ERROR - An error occurred while fetching data: 429 Client Error: Too Many Requests for url: https://api.coingecko.com/api/v3/coins/markets?vs_currency=usd&order=market_cap_desc&per_page=250&page=3&sparkline=false&price_change_percentage=1h%2C24h%2C7d%2C14d%2C30d%2C200d%2C1y&locale=en
2023-12-21 09:48:16,427 - WARNING - No data fetched to insert into the database
2023-12-21 09:48:26,530 - ERROR - An error occurred while fetching data: 429 Client Error: Too Many Requests for url: https://api.coingecko.com/api/v3/coins/markets?vs_currency=usd&order=market_cap_desc&per_page=250&page=4&sparkline=false&price_change_percentage=1h%2C24h%2C7d%2C14d%2C30d%2C200d%2C1y&locale=en
2023-12-21 09:48:26,531 - WARNING - No data fetched to insert into the database
